     1                                  SECTION .data
     2                                  
     3 00000000 48656C6C6F2C2000        msg1: db "Hello, ",0x0
     4                                  msg1Len: equ $ - msg1
     5                                  
     6 00000008 776F726C64210A          msg2: db "world!",0xa
     7                                  msg2Len: equ $ - msg2
     8                                  
     9                                  SECTION .text
    10                                  global _start
    11                                  
    12                                  _start:
    13 00000000 B804000000              mov eax, 4
    14 00000005 BB01000000              mov ebx, 1
    15 0000000A B9[00000000]            mov ecx, msg1
    16 0000000F BA08000000              mov edx, msg1Len
    17 00000014 CD80                    int 0x80
    18                                  
    19 00000016 B804000000              mov eax, 4
    20 0000001B BB01000000              mov ebx, 1
    21 00000020 B9[08000000]            mov ecx, msg2
    22 00000025 BA07000000              mov edx, msg2Len
    23 0000002A CD80                    int 0x80
    24                                  
    25 0000002C B801000000              mov eax, 1
    26 00000031 BB00000000              mov ebx, 0
    27 00000036 CD80                    int 0x80
